running egg_info
writing ../../build/heart_pkg/heart_pkg.egg-info/PKG-INFO
writing dependency_links to ../../build/heart_pkg/heart_pkg.egg-info/dependency_links.txt
writing entry points to ../../build/heart_pkg/heart_pkg.egg-info/entry_points.txt
writing requirements to ../../build/heart_pkg/heart_pkg.egg-info/requires.txt
writing top-level names to ../../build/heart_pkg/heart_pkg.egg-info/top_level.txt
reading manifest file '../../build/heart_pkg/heart_pkg.egg-info/SOURCES.txt'
writing manifest file '../../build/heart_pkg/heart_pkg.egg-info/SOURCES.txt'
running build
running build_py
copying heart_pkg/heart_pid_controller.py -> /home/pranavamurthy-ks/Pranav/dnt/heart_ws/build/heart_pkg/build/lib/heart_pkg
running install
running install_lib
copying /home/pranavamurthy-ks/Pranav/dnt/heart_ws/build/heart_pkg/build/lib/heart_pkg/heart_pid_controller.py -> /home/pranavamurthy-ks/Pranav/dnt/heart_ws/install/heart_pkg/lib/python3.12/site-packages/heart_pkg
byte-compiling /home/pranavamurthy-ks/Pranav/dnt/heart_ws/install/heart_pkg/lib/python3.12/site-packages/heart_pkg/heart_pid_controller.py to heart_pid_controller.cpython-312.pyc
running install_data
running install_egg_info
removing '/home/pranavamurthy-ks/Pranav/dnt/heart_ws/install/heart_pkg/lib/python3.12/site-packages/heart_pkg-0.0.0-py3.12.egg-info' (and everything under it)
Copying ../../build/heart_pkg/heart_pkg.egg-info to /home/pranavamurthy-ks/Pranav/dnt/heart_ws/install/heart_pkg/lib/python3.12/site-packages/heart_pkg-0.0.0-py3.12.egg-info
running install_scripts
Installing heart_pid_exe script to /home/pranavamurthy-ks/Pranav/dnt/heart_ws/install/heart_pkg/lib/heart_pkg
writing list of installed files to '/home/pranavamurthy-ks/Pranav/dnt/heart_ws/build/heart_pkg/install.log'
