[0.304s] Invoking command in '/home/pranavamurthy-ks/Pranav/dnt/heart_ws/src/heart_pkg': DEBUGINFOD_URLS=https://debuginfod.ubuntu.com PYTHONPATH=/home/pranavamurthy-ks/Pranav/dnt/heart_ws/build/heart_pkg/prefix_override:/usr/lib/python3/dist-packages/colcon_core/task/python/colcon_distutils_commands:/home/pranavamurthy-ks/Pranav/dnt/heart_ws/install/heart_pkg/lib/python3.12/site-packages:${PYTHONPATH} /usr/bin/python3 -W ignore:setup.py install is deprecated -W ignore:easy_install command is deprecated setup.py egg_info --egg-base ../../build/heart_pkg build --build-base /home/pranavamurthy-ks/Pranav/dnt/heart_ws/build/heart_pkg/build install --record /home/pranavamurthy-ks/Pranav/dnt/heart_ws/build/heart_pkg/install.log --single-version-externally-managed install_data
[0.399s] running egg_info
[0.405s] writing ../../build/heart_pkg/heart_pkg.egg-info/PKG-INFO
[0.405s] writing dependency_links to ../../build/heart_pkg/heart_pkg.egg-info/dependency_links.txt
[0.406s] writing entry points to ../../build/heart_pkg/heart_pkg.egg-info/entry_points.txt
[0.406s] writing requirements to ../../build/heart_pkg/heart_pkg.egg-info/requires.txt
[0.406s] writing top-level names to ../../build/heart_pkg/heart_pkg.egg-info/top_level.txt
[0.421s] reading manifest file '../../build/heart_pkg/heart_pkg.egg-info/SOURCES.txt'
[0.421s] writing manifest file '../../build/heart_pkg/heart_pkg.egg-info/SOURCES.txt'
[0.421s] running build
[0.422s] running build_py
[0.422s] copying heart_pkg/heart_pid_controller.py -> /home/pranavamurthy-ks/Pranav/dnt/heart_ws/build/heart_pkg/build/lib/heart_pkg
[0.422s] running install
[0.424s] running install_lib
[0.431s] copying /home/pranavamurthy-ks/Pranav/dnt/heart_ws/build/heart_pkg/build/lib/heart_pkg/heart_pid_controller.py -> /home/pranavamurthy-ks/Pranav/dnt/heart_ws/install/heart_pkg/lib/python3.12/site-packages/heart_pkg
[0.431s] byte-compiling /home/pranavamurthy-ks/Pranav/dnt/heart_ws/install/heart_pkg/lib/python3.12/site-packages/heart_pkg/heart_pid_controller.py to heart_pid_controller.cpython-312.pyc
[0.432s] running install_data
[0.432s] running install_egg_info
[0.439s] removing '/home/pranavamurthy-ks/Pranav/dnt/heart_ws/install/heart_pkg/lib/python3.12/site-packages/heart_pkg-0.0.0-py3.12.egg-info' (and everything under it)
[0.439s] Copying ../../build/heart_pkg/heart_pkg.egg-info to /home/pranavamurthy-ks/Pranav/dnt/heart_ws/install/heart_pkg/lib/python3.12/site-packages/heart_pkg-0.0.0-py3.12.egg-info
[0.439s] running install_scripts
[0.489s] Installing heart_pid_exe script to /home/pranavamurthy-ks/Pranav/dnt/heart_ws/install/heart_pkg/lib/heart_pkg
[0.489s] writing list of installed files to '/home/pranavamurthy-ks/Pranav/dnt/heart_ws/build/heart_pkg/install.log'
[0.500s] Invoked command in '/home/pranavamurthy-ks/Pranav/dnt/heart_ws/src/heart_pkg' returned '0': DEBUGINFOD_URLS=https://debuginfod.ubuntu.com PYTHONPATH=/home/pranavamurthy-ks/Pranav/dnt/heart_ws/build/heart_pkg/prefix_override:/usr/lib/python3/dist-packages/colcon_core/task/python/colcon_distutils_commands:/home/pranavamurthy-ks/Pranav/dnt/heart_ws/install/heart_pkg/lib/python3.12/site-packages:${PYTHONPATH} /usr/bin/python3 -W ignore:setup.py install is deprecated -W ignore:easy_install command is deprecated setup.py egg_info --egg-base ../../build/heart_pkg build --build-base /home/pranavamurthy-ks/Pranav/dnt/heart_ws/build/heart_pkg/build install --record /home/pranavamurthy-ks/Pranav/dnt/heart_ws/build/heart_pkg/install.log --single-version-externally-managed install_data
