[0.043s] DEBUG:colcon:Command line arguments: ['/usr/bin/colcon', 'build']
[0.043s] DEBUG:colcon:Parsed command line arguments: Namespace(log_base=None, log_level=None, verb_name='build', build_base='build', install_base='install', merge_install=False, symlink_install=False, test_result_base=None, continue_on_error=False, executor='parallel', parallel_workers=4, event_handlers=None, ignore_user_meta=False, metas=['./colcon.meta'], base_paths=['.'], packages_ignore=None, packages_ignore_regex=None, paths=None, packages_up_to=None, packages_up_to_regex=None, packages_above=None, packages_above_and_dependencies=None, packages_above_depth=None, packages_select_by_dep=None, packages_skip_by_dep=None, packages_skip_up_to=None, packages_select_build_failed=False, packages_skip_build_finished=False, packages_select_test_failures=False, packages_skip_test_passed=False, packages_select=None, packages_skip=None, packages_select_regex=None, packages_skip_regex=None, packages_start=None, packages_end=None, allow_overriding=[], cmake_args=None, cmake_target=None, cmake_target_skip_unavailable=False, cmake_clean_cache=False, cmake_clean_first=False, cmake_force_configure=False, ament_cmake_args=None, catkin_cmake_args=None, catkin_skip_building_tests=False, mixin_files=None, mixin=None, verb_parser=<colcon_mixin.mixin.mixin_argument.MixinArgumentDecorator object at 0xf4e270ca7710>, verb_extension=<colcon_core.verb.build.BuildVerb object at 0xf4e270edadb0>, main=<bound method BuildVerb.main of <colcon_core.verb.build.BuildVerb object at 0xf4e270edadb0>>, mixin_verb=('build',))
[0.056s] Level 1:colcon.colcon_core.package_discovery:discover_packages(colcon_meta) check parameters
[0.056s] Level 1:colcon.colcon_core.package_discovery:discover_packages(recursive) check parameters
[0.056s] Level 1:colcon.colcon_core.package_discovery:discover_packages(ignore) check parameters
[0.056s] Level 1:colcon.colcon_core.package_discovery:discover_packages(path) check parameters
[0.056s] Level 1:colcon.colcon_core.package_discovery:discover_packages(colcon_meta) discover
[0.056s] Level 1:colcon.colcon_core.package_discovery:discover_packages(recursive) discover
[0.056s] INFO:colcon.colcon_core.package_discovery:Crawling recursively for packages in '/home/pranavamurthy-ks/Pranav/dnt/heart_ws'
[0.056s] Level 1:colcon.colcon_core.package_identification:_identify(.) by extensions ['ignore', 'ignore_ament_install']
[0.056s] Level 1:colcon.colcon_core.package_identification:_identify(.) by extension 'ignore'
[0.056s] Level 1:colcon.colcon_core.package_identification:_identify(.) by extension 'ignore_ament_install'
[0.056s] Level 1:colcon.colcon_core.package_identification:_identify(.) by extensions ['colcon_pkg']
[0.056s] Level 1:colcon.colcon_core.package_identification:_identify(.) by extension 'colcon_pkg'
[0.056s] Level 1:colcon.colcon_core.package_identification:_identify(.) by extensions ['colcon_meta']
[0.056s] Level 1:colcon.colcon_core.package_identification:_identify(.) by extension 'colcon_meta'
[0.056s] Level 1:colcon.colcon_core.package_identification:_identify(.) by extensions ['ros']
[0.056s] Level 1:colcon.colcon_core.package_identification:_identify(.) by extension 'ros'
[0.066s] Level 1:colcon.colcon_core.package_identification:_identify(.) by extensions ['cmake', 'python']
[0.066s] Level 1:colcon.colcon_core.package_identification:_identify(.) by extension 'cmake'
[0.066s] Level 1:colcon.colcon_core.package_identification:_identify(.) by extension 'python'
[0.066s] Level 1:colcon.colcon_core.package_identification:_identify(.) by extensions ['python_setup_py']
[0.066s] Level 1:colcon.colcon_core.package_identification:_identify(.) by extension 'python_setup_py'
[0.066s] Level 1:colcon.colcon_core.package_identification:_identify(build) by extensions ['ignore', 'ignore_ament_install']
[0.066s] Level 1:colcon.colcon_core.package_identification:_identify(build) by extension 'ignore'
[0.066s] Level 1:colcon.colcon_core.package_identification:_identify(build) ignored
[0.066s] Level 1:colcon.colcon_core.package_identification:_identify(install) by extensions ['ignore', 'ignore_ament_install']
[0.066s] Level 1:colcon.colcon_core.package_identification:_identify(install) by extension 'ignore'
[0.066s] Level 1:colcon.colcon_core.package_identification:_identify(install) ignored
[0.066s] Level 1:colcon.colcon_core.package_identification:_identify(log) by extensions ['ignore', 'ignore_ament_install']
[0.066s] Level 1:colcon.colcon_core.package_identification:_identify(log) by extension 'ignore'
[0.066s] Level 1:colcon.colcon_core.package_identification:_identify(log) ignored
[0.066s] Level 1:colcon.colcon_core.package_identification:_identify(src) by extensions ['ignore', 'ignore_ament_install']
[0.066s] Level 1:colcon.colcon_core.package_identification:_identify(src) by extension 'ignore'
[0.066s] Level 1:colcon.colcon_core.package_identification:_identify(src) by extension 'ignore_ament_install'
[0.066s] Level 1:colcon.colcon_core.package_identification:_identify(src) by extensions ['colcon_pkg']
[0.066s] Level 1:colcon.colcon_core.package_identification:_identify(src) by extension 'colcon_pkg'
[0.066s] Level 1:colcon.colcon_core.package_identification:_identify(src) by extensions ['colcon_meta']
[0.066s] Level 1:colcon.colcon_core.package_identification:_identify(src) by extension 'colcon_meta'
[0.066s] Level 1:colcon.colcon_core.package_identification:_identify(src) by extensions ['ros']
[0.066s] Level 1:colcon.colcon_core.package_identification:_identify(src) by extension 'ros'
[0.066s] Level 1:colcon.colcon_core.package_identification:_identify(src) by extensions ['cmake', 'python']
[0.066s] Level 1:colcon.colcon_core.package_identification:_identify(src) by extension 'cmake'
[0.066s] Level 1:colcon.colcon_core.package_identification:_identify(src) by extension 'python'
[0.066s] Level 1:colcon.colcon_core.package_identification:_identify(src) by extensions ['python_setup_py']
[0.066s] Level 1:colcon.colcon_core.package_identification:_identify(src) by extension 'python_setup_py'
[0.066s] Level 1:colcon.colcon_core.package_identification:_identify(src/heart_pkg) by extensions ['ignore', 'ignore_ament_install']
[0.066s] Level 1:colcon.colcon_core.package_identification:_identify(src/heart_pkg) by extension 'ignore'
[0.066s] Level 1:colcon.colcon_core.package_identification:_identify(src/heart_pkg) by extension 'ignore_ament_install'
[0.066s] Level 1:colcon.colcon_core.package_identification:_identify(src/heart_pkg) by extensions ['colcon_pkg']
[0.066s] Level 1:colcon.colcon_core.package_identification:_identify(src/heart_pkg) by extension 'colcon_pkg'
[0.066s] Level 1:colcon.colcon_core.package_identification:_identify(src/heart_pkg) by extensions ['colcon_meta']
[0.066s] Level 1:colcon.colcon_core.package_identification:_identify(src/heart_pkg) by extension 'colcon_meta'
[0.066s] Level 1:colcon.colcon_core.package_identification:_identify(src/heart_pkg) by extensions ['ros']
[0.066s] Level 1:colcon.colcon_core.package_identification:_identify(src/heart_pkg) by extension 'ros'
[0.067s] DEBUG:colcon.colcon_core.package_identification:Package 'src/heart_pkg' with type 'ros.ament_python' and name 'heart_pkg'
[0.067s] Level 1:colcon.colcon_core.package_discovery:discover_packages(recursive) using defaults
[0.067s] Level 1:colcon.colcon_core.package_discovery:discover_packages(ignore) discover
[0.067s] Level 1:colcon.colcon_core.package_discovery:discover_packages(ignore) using defaults
[0.067s] Level 1:colcon.colcon_core.package_discovery:discover_packages(path) discover
[0.067s] Level 1:colcon.colcon_core.package_discovery:discover_packages(path) using defaults
[0.074s] Level 1:colcon.colcon_core.package_discovery:discover_packages(prefix_path) check parameters
[0.074s] Level 1:colcon.colcon_core.package_discovery:discover_packages(prefix_path) discover
[0.074s] DEBUG:colcon.colcon_installed_package_information.package_discovery:Found 1 installed packages in /home/pranavamurthy-ks/Pranav/dnt/heart_ws/install
[0.074s] DEBUG:colcon.colcon_installed_package_information.package_discovery:Found 1 installed packages in /home/pranavamurthy-ks/Pranav/dnt/ros2_ws/install
[0.075s] DEBUG:colcon.colcon_installed_package_information.package_discovery:Found 524 installed packages in /opt/ros/jazzy
[0.076s] Level 1:colcon.colcon_core.package_discovery:discover_packages(prefix_path) using defaults
[0.104s] Level 5:colcon.colcon_core.verb:set package 'heart_pkg' build argument 'cmake_args' from command line to 'None'
[0.104s] Level 5:colcon.colcon_core.verb:set package 'heart_pkg' build argument 'cmake_target' from command line to 'None'
[0.104s] Level 5:colcon.colcon_core.verb:set package 'heart_pkg' build argument 'cmake_target_skip_unavailable' from command line to 'False'
[0.104s] Level 5:colcon.colcon_core.verb:set package 'heart_pkg' build argument 'cmake_clean_cache' from command line to 'False'
[0.104s] Level 5:colcon.colcon_core.verb:set package 'heart_pkg' build argument 'cmake_clean_first' from command line to 'False'
[0.104s] Level 5:colcon.colcon_core.verb:set package 'heart_pkg' build argument 'cmake_force_configure' from command line to 'False'
[0.104s] Level 5:colcon.colcon_core.verb:set package 'heart_pkg' build argument 'ament_cmake_args' from command line to 'None'
[0.104s] Level 5:colcon.colcon_core.verb:set package 'heart_pkg' build argument 'catkin_cmake_args' from command line to 'None'
[0.104s] Level 5:colcon.colcon_core.verb:set package 'heart_pkg' build argument 'catkin_skip_building_tests' from command line to 'False'
[0.104s] DEBUG:colcon.colcon_core.verb:Building package 'heart_pkg' with the following arguments: {'ament_cmake_args': None, 'build_base': '/home/pranavamurthy-ks/Pranav/dnt/heart_ws/build/heart_pkg', 'catkin_cmake_args': None, 'catkin_skip_building_tests': False, 'cmake_args': None, 'cmake_clean_cache': False, 'cmake_clean_first': False, 'cmake_force_configure': False, 'cmake_target': None, 'cmake_target_skip_unavailable': False, 'install_base': '/home/pranavamurthy-ks/Pranav/dnt/heart_ws/install/heart_pkg', 'merge_install': False, 'path': '/home/pranavamurthy-ks/Pranav/dnt/heart_ws/src/heart_pkg', 'symlink_install': False, 'test_result_base': None}
[0.104s] INFO:colcon.colcon_core.executor:Executing jobs using 'parallel' executor
[0.104s] DEBUG:colcon.colcon_parallel_executor.executor.parallel:run_until_complete
[0.105s] INFO:colcon.colcon_ros.task.ament_python.build:Building ROS package in '/home/pranavamurthy-ks/Pranav/dnt/heart_ws/src/heart_pkg' with build type 'ament_python'
[0.105s] Level 1:colcon.colcon_core.shell:create_environment_hook('heart_pkg', 'ament_prefix_path')
[0.106s] INFO:colcon.colcon_core.plugin_system:Skipping extension 'colcon_core.shell.bat': Not used on non-Windows systems
[0.106s] INFO:colcon.colcon_core.shell:Creating environment hook '/home/pranavamurthy-ks/Pranav/dnt/heart_ws/install/heart_pkg/share/heart_pkg/hook/ament_prefix_path.ps1'
[0.106s] INFO:colcon.colcon_core.shell:Creating environment descriptor '/home/pranavamurthy-ks/Pranav/dnt/heart_ws/install/heart_pkg/share/heart_pkg/hook/ament_prefix_path.dsv'
[0.107s] INFO:colcon.colcon_core.shell:Creating environment hook '/home/pranavamurthy-ks/Pranav/dnt/heart_ws/install/heart_pkg/share/heart_pkg/hook/ament_prefix_path.sh'
[0.107s] INFO:colcon.colcon_core.shell:Skip shell extension 'powershell' for command environment: Not usable outside of PowerShell
[0.107s] DEBUG:colcon.colcon_core.shell:Skip shell extension 'dsv' for command environment
[0.197s] INFO:colcon.colcon_core.task.python.build:Building Python package in '/home/pranavamurthy-ks/Pranav/dnt/heart_ws/src/heart_pkg'
[0.197s] INFO:colcon.colcon_core.shell:Skip shell extension 'powershell' for command environment: Not usable outside of PowerShell
[0.197s] DEBUG:colcon.colcon_core.shell:Skip shell extension 'dsv' for command environment
[0.420s] DEBUG:colcon.colcon_core.event_handler.log_command:Invoking command in '/home/pranavamurthy-ks/Pranav/dnt/heart_ws/src/heart_pkg': DEBUGINFOD_URLS=https://debuginfod.ubuntu.com PYTHONPATH=/home/pranavamurthy-ks/Pranav/dnt/heart_ws/build/heart_pkg/prefix_override:/usr/lib/python3/dist-packages/colcon_core/task/python/colcon_distutils_commands:/home/pranavamurthy-ks/Pranav/dnt/heart_ws/install/heart_pkg/lib/python3.12/site-packages:${PYTHONPATH} /usr/bin/python3 -W ignore:setup.py install is deprecated -W ignore:easy_install command is deprecated setup.py egg_info --egg-base ../../build/heart_pkg build --build-base /home/pranavamurthy-ks/Pranav/dnt/heart_ws/build/heart_pkg/build install --record /home/pranavamurthy-ks/Pranav/dnt/heart_ws/build/heart_pkg/install.log --single-version-externally-managed install_data
[0.625s] DEBUG:colcon.colcon_core.event_handler.log_command:Invoked command in '/home/pranavamurthy-ks/Pranav/dnt/heart_ws/src/heart_pkg' returned '0': DEBUGINFOD_URLS=https://debuginfod.ubuntu.com PYTHONPATH=/home/pranavamurthy-ks/Pranav/dnt/heart_ws/build/heart_pkg/prefix_override:/usr/lib/python3/dist-packages/colcon_core/task/python/colcon_distutils_commands:/home/pranavamurthy-ks/Pranav/dnt/heart_ws/install/heart_pkg/lib/python3.12/site-packages:${PYTHONPATH} /usr/bin/python3 -W ignore:setup.py install is deprecated -W ignore:easy_install command is deprecated setup.py egg_info --egg-base ../../build/heart_pkg build --build-base /home/pranavamurthy-ks/Pranav/dnt/heart_ws/build/heart_pkg/build install --record /home/pranavamurthy-ks/Pranav/dnt/heart_ws/build/heart_pkg/install.log --single-version-externally-managed install_data
[0.626s] Level 1:colcon.colcon_core.environment:checking '/home/pranavamurthy-ks/Pranav/dnt/heart_ws/install/heart_pkg' for CMake module files
[0.626s] Level 1:colcon.colcon_core.environment:checking '/home/pranavamurthy-ks/Pranav/dnt/heart_ws/install/heart_pkg' for CMake config files
[0.627s] Level 1:colcon.colcon_core.environment:checking '/home/pranavamurthy-ks/Pranav/dnt/heart_ws/install/heart_pkg/lib'
[0.627s] Level 1:colcon.colcon_core.environment:checking '/home/pranavamurthy-ks/Pranav/dnt/heart_ws/install/heart_pkg/bin'
[0.627s] Level 1:colcon.colcon_core.environment:checking '/home/pranavamurthy-ks/Pranav/dnt/heart_ws/install/heart_pkg/lib/pkgconfig/heart_pkg.pc'
[0.627s] Level 1:colcon.colcon_core.environment:checking '/home/pranavamurthy-ks/Pranav/dnt/heart_ws/install/heart_pkg/lib/python3.12/site-packages'
[0.627s] Level 1:colcon.colcon_core.shell:create_environment_hook('heart_pkg', 'pythonpath')
[0.627s] INFO:colcon.colcon_core.shell:Creating environment hook '/home/pranavamurthy-ks/Pranav/dnt/heart_ws/install/heart_pkg/share/heart_pkg/hook/pythonpath.ps1'
[0.627s] INFO:colcon.colcon_core.shell:Creating environment descriptor '/home/pranavamurthy-ks/Pranav/dnt/heart_ws/install/heart_pkg/share/heart_pkg/hook/pythonpath.dsv'
[0.627s] INFO:colcon.colcon_core.shell:Creating environment hook '/home/pranavamurthy-ks/Pranav/dnt/heart_ws/install/heart_pkg/share/heart_pkg/hook/pythonpath.sh'
[0.628s] Level 1:colcon.colcon_core.environment:checking '/home/pranavamurthy-ks/Pranav/dnt/heart_ws/install/heart_pkg/bin'
[0.628s] Level 1:colcon.colcon_core.environment:create_environment_scripts_only(heart_pkg)
[0.628s] INFO:colcon.colcon_core.shell:Creating package script '/home/pranavamurthy-ks/Pranav/dnt/heart_ws/install/heart_pkg/share/heart_pkg/package.ps1'
[0.628s] INFO:colcon.colcon_core.shell:Creating package descriptor '/home/pranavamurthy-ks/Pranav/dnt/heart_ws/install/heart_pkg/share/heart_pkg/package.dsv'
[0.628s] INFO:colcon.colcon_core.shell:Creating package script '/home/pranavamurthy-ks/Pranav/dnt/heart_ws/install/heart_pkg/share/heart_pkg/package.sh'
[0.629s] INFO:colcon.colcon_core.shell:Creating package script '/home/pranavamurthy-ks/Pranav/dnt/heart_ws/install/heart_pkg/share/heart_pkg/package.bash'
[0.629s] INFO:colcon.colcon_core.shell:Creating package script '/home/pranavamurthy-ks/Pranav/dnt/heart_ws/install/heart_pkg/share/heart_pkg/package.zsh'
[0.629s] Level 1:colcon.colcon_core.environment:create_file_with_runtime_dependencies(/home/pranavamurthy-ks/Pranav/dnt/heart_ws/install/heart_pkg/share/colcon-core/packages/heart_pkg)
[0.629s] DEBUG:colcon.colcon_parallel_executor.executor.parallel:closing loop
[0.630s] DEBUG:colcon.colcon_parallel_executor.executor.parallel:loop closed
[0.630s] DEBUG:colcon.colcon_parallel_executor.executor.parallel:run_until_complete finished with '0'
[0.630s] DEBUG:colcon.colcon_core.event_reactor:joining thread
[0.634s] INFO:colcon.colcon_core.plugin_system:Skipping extension 'colcon_notification.desktop_notification.terminal_notifier': Not used on non-Darwin systems
[0.635s] INFO:colcon.colcon_core.plugin_system:Skipping extension 'colcon_notification.desktop_notification.win32': Not used on non-Windows systems
[0.635s] INFO:colcon.colcon_notification.desktop_notification:Sending desktop notification using 'notify2'
[0.645s] DEBUG:colcon.colcon_core.event_reactor:joined thread
[0.645s] INFO:colcon.colcon_core.shell:Creating prefix script '/home/pranavamurthy-ks/Pranav/dnt/heart_ws/install/local_setup.ps1'
[0.645s] INFO:colcon.colcon_core.shell:Creating prefix util module '/home/pranavamurthy-ks/Pranav/dnt/heart_ws/install/_local_setup_util_ps1.py'
[0.646s] INFO:colcon.colcon_core.shell:Creating prefix chain script '/home/pranavamurthy-ks/Pranav/dnt/heart_ws/install/setup.ps1'
[0.646s] INFO:colcon.colcon_core.shell:Creating prefix script '/home/pranavamurthy-ks/Pranav/dnt/heart_ws/install/local_setup.sh'
[0.647s] INFO:colcon.colcon_core.shell:Creating prefix util module '/home/pranavamurthy-ks/Pranav/dnt/heart_ws/install/_local_setup_util_sh.py'
[0.647s] INFO:colcon.colcon_core.shell:Creating prefix chain script '/home/pranavamurthy-ks/Pranav/dnt/heart_ws/install/setup.sh'
[0.647s] INFO:colcon.colcon_core.shell:Creating prefix script '/home/pranavamurthy-ks/Pranav/dnt/heart_ws/install/local_setup.bash'
[0.648s] INFO:colcon.colcon_core.shell:Creating prefix chain script '/home/pranavamurthy-ks/Pranav/dnt/heart_ws/install/setup.bash'
[0.648s] INFO:colcon.colcon_core.shell:Creating prefix script '/home/pranavamurthy-ks/Pranav/dnt/heart_ws/install/local_setup.zsh'
[0.648s] INFO:colcon.colcon_core.shell:Creating prefix chain script '/home/pranavamurthy-ks/Pranav/dnt/heart_ws/install/setup.zsh'
