running egg_info
creating ../../build/heart_pkg/heart_pkg.egg-info
writing ../../build/heart_pkg/heart_pkg.egg-info/PKG-INFO
writing dependency_links to ../../build/heart_pkg/heart_pkg.egg-info/dependency_links.txt
writing entry points to ../../build/heart_pkg/heart_pkg.egg-info/entry_points.txt
writing requirements to ../../build/heart_pkg/heart_pkg.egg-info/requires.txt
writing top-level names to ../../build/heart_pkg/heart_pkg.egg-info/top_level.txt
writing manifest file '../../build/heart_pkg/heart_pkg.egg-info/SOURCES.txt'
reading manifest file '../../build/heart_pkg/heart_pkg.egg-info/SOURCES.txt'
writing manifest file '../../build/heart_pkg/heart_pkg.egg-info/SOURCES.txt'
running build
running build_py
creating /home/pranavamurthy-ks/Pranav/dnt/heart_ws/build/heart_pkg/build
creating /home/pranavamurthy-ks/Pranav/dnt/heart_ws/build/heart_pkg/build/lib
creating /home/pranavamurthy-ks/Pranav/dnt/heart_ws/build/heart_pkg/build/lib/heart_pkg
copying heart_pkg/__init__.py -> /home/pranavamurthy-ks/Pranav/dnt/heart_ws/build/heart_pkg/build/lib/heart_pkg
copying heart_pkg/heart_pid_controller.py -> /home/pranavamurthy-ks/Pranav/dnt/heart_ws/build/heart_pkg/build/lib/heart_pkg
running install
running install_lib
creating /home/pranavamurthy-ks/Pranav/dnt/heart_ws/install/heart_pkg/lib/python3.12/site-packages/heart_pkg
copying /home/pranavamurthy-ks/Pranav/dnt/heart_ws/build/heart_pkg/build/lib/heart_pkg/__init__.py -> /home/pranavamurthy-ks/Pranav/dnt/heart_ws/install/heart_pkg/lib/python3.12/site-packages/heart_pkg
copying /home/pranavamurthy-ks/Pranav/dnt/heart_ws/build/heart_pkg/build/lib/heart_pkg/heart_pid_controller.py -> /home/pranavamurthy-ks/Pranav/dnt/heart_ws/install/heart_pkg/lib/python3.12/site-packages/heart_pkg
byte-compiling /home/pranavamurthy-ks/Pranav/dnt/heart_ws/install/heart_pkg/lib/python3.12/site-packages/heart_pkg/__init__.py to __init__.cpython-312.pyc
byte-compiling /home/pranavamurthy-ks/Pranav/dnt/heart_ws/install/heart_pkg/lib/python3.12/site-packages/heart_pkg/heart_pid_controller.py to heart_pid_controller.cpython-312.pyc
running install_data
creating /home/pranavamurthy-ks/Pranav/dnt/heart_ws/install/heart_pkg/share/ament_index
creating /home/pranavamurthy-ks/Pranav/dnt/heart_ws/install/heart_pkg/share/ament_index/resource_index
creating /home/pranavamurthy-ks/Pranav/dnt/heart_ws/install/heart_pkg/share/ament_index/resource_index/packages
copying resource/heart_pkg -> /home/pranavamurthy-ks/Pranav/dnt/heart_ws/install/heart_pkg/share/ament_index/resource_index/packages
copying package.xml -> /home/pranavamurthy-ks/Pranav/dnt/heart_ws/install/heart_pkg/share/heart_pkg
running install_egg_info
Copying ../../build/heart_pkg/heart_pkg.egg-info to /home/pranavamurthy-ks/Pranav/dnt/heart_ws/install/heart_pkg/lib/python3.12/site-packages/heart_pkg-0.0.0-py3.12.egg-info
running install_scripts
Installing heart_pid_exe script to /home/pranavamurthy-ks/Pranav/dnt/heart_ws/install/heart_pkg/lib/heart_pkg
writing list of installed files to '/home/pranavamurthy-ks/Pranav/dnt/heart_ws/build/heart_pkg/install.log'
