[0.318s] Invoking command in '/home/pranavamurthy-ks/Pranav/dnt/heart_ws/src/heart_pkg': DEBUGINFOD_URLS=https://debuginfod.ubuntu.com PYTHONPATH=/home/pranavamurthy-ks/Pranav/dnt/heart_ws/build/heart_pkg/prefix_override:/usr/lib/python3/dist-packages/colcon_core/task/python/colcon_distutils_commands:/home/pranavamurthy-ks/Pranav/dnt/heart_ws/install/heart_pkg/lib/python3.12/site-packages:${PYTHONPATH} /usr/bin/python3 -W ignore:setup.py install is deprecated -W ignore:easy_install command is deprecated setup.py egg_info --egg-base ../../build/heart_pkg build --build-base /home/pranavamurthy-ks/Pranav/dnt/heart_ws/build/heart_pkg/build install --record /home/pranavamurthy-ks/Pranav/dnt/heart_ws/build/heart_pkg/install.log --single-version-externally-managed install_data
[0.418s] running egg_info
[0.418s] creating ../../build/heart_pkg/heart_pkg.egg-info
[0.424s] writing ../../build/heart_pkg/heart_pkg.egg-info/PKG-INFO
[0.425s] writing dependency_links to ../../build/heart_pkg/heart_pkg.egg-info/dependency_links.txt
[0.425s] writing entry points to ../../build/heart_pkg/heart_pkg.egg-info/entry_points.txt
[0.425s] writing requirements to ../../build/heart_pkg/heart_pkg.egg-info/requires.txt
[0.425s] writing top-level names to ../../build/heart_pkg/heart_pkg.egg-info/top_level.txt
[0.425s] writing manifest file '../../build/heart_pkg/heart_pkg.egg-info/SOURCES.txt'
[0.440s] reading manifest file '../../build/heart_pkg/heart_pkg.egg-info/SOURCES.txt'
[0.440s] writing manifest file '../../build/heart_pkg/heart_pkg.egg-info/SOURCES.txt'
[0.440s] running build
[0.440s] running build_py
[0.440s] creating /home/pranavamurthy-ks/Pranav/dnt/heart_ws/build/heart_pkg/build
[0.440s] creating /home/pranavamurthy-ks/Pranav/dnt/heart_ws/build/heart_pkg/build/lib
[0.440s] creating /home/pranavamurthy-ks/Pranav/dnt/heart_ws/build/heart_pkg/build/lib/heart_pkg
[0.440s] copying heart_pkg/__init__.py -> /home/pranavamurthy-ks/Pranav/dnt/heart_ws/build/heart_pkg/build/lib/heart_pkg
[0.440s] copying heart_pkg/heart_pid_controller.py -> /home/pranavamurthy-ks/Pranav/dnt/heart_ws/build/heart_pkg/build/lib/heart_pkg
[0.440s] running install
[0.443s] running install_lib
[0.450s] creating /home/pranavamurthy-ks/Pranav/dnt/heart_ws/install/heart_pkg/lib/python3.12/site-packages/heart_pkg
[0.450s] copying /home/pranavamurthy-ks/Pranav/dnt/heart_ws/build/heart_pkg/build/lib/heart_pkg/__init__.py -> /home/pranavamurthy-ks/Pranav/dnt/heart_ws/install/heart_pkg/lib/python3.12/site-packages/heart_pkg
[0.450s] copying /home/pranavamurthy-ks/Pranav/dnt/heart_ws/build/heart_pkg/build/lib/heart_pkg/heart_pid_controller.py -> /home/pranavamurthy-ks/Pranav/dnt/heart_ws/install/heart_pkg/lib/python3.12/site-packages/heart_pkg
[0.450s] byte-compiling /home/pranavamurthy-ks/Pranav/dnt/heart_ws/install/heart_pkg/lib/python3.12/site-packages/heart_pkg/__init__.py to __init__.cpython-312.pyc
[0.450s] byte-compiling /home/pranavamurthy-ks/Pranav/dnt/heart_ws/install/heart_pkg/lib/python3.12/site-packages/heart_pkg/heart_pid_controller.py to heart_pid_controller.cpython-312.pyc
[0.451s] running install_data
[0.451s] creating /home/pranavamurthy-ks/Pranav/dnt/heart_ws/install/heart_pkg/share/ament_index
[0.451s] creating /home/pranavamurthy-ks/Pranav/dnt/heart_ws/install/heart_pkg/share/ament_index/resource_index
[0.451s] creating /home/pranavamurthy-ks/Pranav/dnt/heart_ws/install/heart_pkg/share/ament_index/resource_index/packages
[0.451s] copying resource/heart_pkg -> /home/pranavamurthy-ks/Pranav/dnt/heart_ws/install/heart_pkg/share/ament_index/resource_index/packages
[0.451s] copying package.xml -> /home/pranavamurthy-ks/Pranav/dnt/heart_ws/install/heart_pkg/share/heart_pkg
[0.451s] running install_egg_info
[0.458s] Copying ../../build/heart_pkg/heart_pkg.egg-info to /home/pranavamurthy-ks/Pranav/dnt/heart_ws/install/heart_pkg/lib/python3.12/site-packages/heart_pkg-0.0.0-py3.12.egg-info
[0.458s] running install_scripts
[0.506s] Installing heart_pid_exe script to /home/pranavamurthy-ks/Pranav/dnt/heart_ws/install/heart_pkg/lib/heart_pkg
[0.507s] writing list of installed files to '/home/pranavamurthy-ks/Pranav/dnt/heart_ws/build/heart_pkg/install.log'
[0.520s] Invoked command in '/home/pranavamurthy-ks/Pranav/dnt/heart_ws/src/heart_pkg' returned '0': DEBUGINFOD_URLS=https://debuginfod.ubuntu.com PYTHONPATH=/home/pranavamurthy-ks/Pranav/dnt/heart_ws/build/heart_pkg/prefix_override:/usr/lib/python3/dist-packages/colcon_core/task/python/colcon_distutils_commands:/home/pranavamurthy-ks/Pranav/dnt/heart_ws/install/heart_pkg/lib/python3.12/site-packages:${PYTHONPATH} /usr/bin/python3 -W ignore:setup.py install is deprecated -W ignore:easy_install command is deprecated setup.py egg_info --egg-base ../../build/heart_pkg build --build-base /home/pranavamurthy-ks/Pranav/dnt/heart_ws/build/heart_pkg/build install --record /home/pranavamurthy-ks/Pranav/dnt/heart_ws/build/heart_pkg/install.log --single-version-externally-managed install_data
